<?xml version="1.0" encoding="UTF-8"?>
<!-- Generated by org.testng.reporters.JUnitXMLReporter -->
<testsuite hostname="ASDA1720PO02529" name="Surefire test" tests="1" failures="1" timestamp="5 Feb 2019 12:21:23 GMT" time="0.028" errors="0">
  <testcase name="TestResult" time="0.007" classname="Test.AppTest">
    <failure type="java.lang.StringIndexOutOfBoundsException" message="String index out of range: 6">
      <![CDATA[java.lang.StringIndexOutOfBoundsException: String index out of range: 6
	at java.lang.String.charAt(String.java:658)
	at Test.App.check(App.java:13)
	at Test.AppTest.TestResult(AppTest.java:24)
... Removed 29 stack frames]]>
    </failure>
  </testcase> <!-- TestResult -->
</testsuite> <!-- Surefire test -->
