-------------------------------------------------------------------------------
Test set: Test.AppTest
-------------------------------------------------------------------------------
Tests run: 1, Failures: 1, Errors: 0, Skipped: 0, Time elapsed: 0.224 s <<< FAILURE! - in Test.AppTest
TestResult(Test.AppTest)  Time elapsed: 0.014 s  <<< FAILURE!
java.lang.StringIndexOutOfBoundsException: String index out of range: 6
	at Test.AppTest.TestResult(AppTest.java:24)

